[0m02:06:20.111450 [debug] [MainThread]: Sending event: {'category': 'dbt', 'action': 'invocation', 'label': 'start', 'context': [<snowplow_tracker.self_describing_json.SelfDescribingJson object at 0x7f046449a190>, <snowplow_tracker.self_describing_json.SelfDescribingJson object at 0x7f0464599750>, <snowplow_tracker.self_describing_json.SelfDescribingJson object at 0x7f04647f61d0>]}


============================== 02:06:20.120085 | cd9a2812-656b-48f7-a582-6e085f765d7f ==============================
[0m02:06:20.120085 [info ] [MainThread]: Running with dbt=1.10.13
[0m02:06:20.122134 [debug] [MainThread]: running dbt with arguments {'use_experimental_parser': 'False', 'empty': 'None', 'profiles_dir': '/root/.dbt', 'cache_selected_only': 'False', 'warn_error': 'None', 'partial_parse': 'True', 'version_check': 'True', 'static_parser': 'True', 'log_cache_events': 'False', 'use_colors': 'True', 'no_print': 'None', 'fail_fast': 'False', 'send_anonymous_usage_stats': 'True', 'quiet': 'False', 'log_format': 'default', 'indirect_selection': 'eager', 'write_json': 'True', 'log_path': 'dbt_project/logs', 'invocation_command': 'dbt debug --project-dir dbt_project', 'warn_error_options': 'WarnErrorOptionsV2(error=[], warn=[], silence=[])', 'debug': 'False', 'target_path': 'None', 'introspect': 'True', 'printer_width': '80'}
[0m02:06:20.137813 [info ] [MainThread]: dbt version: 1.10.13
[0m02:06:20.140823 [info ] [MainThread]: python version: 3.11.14
[0m02:06:20.143621 [info ] [MainThread]: python path: /usr/local/bin/python3.11
[0m02:06:20.145964 [info ] [MainThread]: os info: Linux-5.15.167.4-microsoft-standard-WSL2-x86_64-with-glibc2.41
[0m02:06:20.147963 [info ] [MainThread]: Using profiles dir at /root/.dbt
[0m02:06:20.150149 [info ] [MainThread]: Using profiles.yml file at /root/.dbt/profiles.yml
[0m02:06:20.153081 [info ] [MainThread]: Using dbt_project.yml file at dbt_project/dbt_project.yml
[0m02:06:20.331825 [info ] [MainThread]: Configuration:
[0m02:06:20.334083 [info ] [MainThread]:   profiles.yml file [[31mERROR not found[0m]
[0m02:06:20.336676 [info ] [MainThread]:   dbt_project.yml file [[32mOK found and valid[0m]
[0m02:06:20.339064 [info ] [MainThread]: Required dependencies:
[0m02:06:20.341815 [debug] [MainThread]: Executing "git --help"
[0m02:06:20.346072 [debug] [MainThread]: STDOUT: "b"usage: git [-v | --version] [-h | --help] [-C <path>] [-c <name>=<value>]\n           [--exec-path[=<path>]] [--html-path] [--man-path] [--info-path]\n           [-p | --paginate | -P | --no-pager] [--no-replace-objects] [--no-lazy-fetch]\n           [--no-optional-locks] [--no-advice] [--bare] [--git-dir=<path>]\n           [--work-tree=<path>] [--namespace=<name>] [--config-env=<name>=<envvar>]\n           <command> [<args>]\n\nThese are common Git commands used in various situations:\n\nstart a working area (see also: git help tutorial)\n   clone     Clone a repository into a new directory\n   init      Create an empty Git repository or reinitialize an existing one\n\nwork on the current change (see also: git help everyday)\n   add       Add file contents to the index\n   mv        Move or rename a file, a directory, or a symlink\n   restore   Restore working tree files\n   rm        Remove files from the working tree and from the index\n\nexamine the history and state (see also: git help revisions)\n   bisect    Use binary search to find the commit that introduced a bug\n   diff      Show changes between commits, commit and working tree, etc\n   grep      Print lines matching a pattern\n   log       Show commit logs\n   show      Show various types of objects\n   status    Show the working tree status\n\ngrow, mark and tweak your common history\n   branch    List, create, or delete branches\n   commit    Record changes to the repository\n   merge     Join two or more development histories together\n   rebase    Reapply commits on top of another base tip\n   reset     Reset current HEAD to the specified state\n   switch    Switch branches\n   tag       Create, list, delete or verify a tag object signed with GPG\n\ncollaborate (see also: git help workflows)\n   fetch     Download objects and refs from another repository\n   pull      Fetch from and integrate with another repository or a local branch\n   push      Update remote refs along with associated objects\n\n'git help -a' and 'git help -g' list available subcommands and some\nconcept guides. See 'git help <command>' or 'git help <concept>'\nto read about a specific subcommand or concept.\nSee 'git help git' for an overview of the system.\n""
[0m02:06:20.347906 [debug] [MainThread]: STDERR: "b''"
[0m02:06:20.349545 [info ] [MainThread]:  - git [[32mOK found[0m]

[0m02:06:20.352049 [info ] [MainThread]: Connection test skipped since no profile was found
[0m02:06:20.354353 [info ] [MainThread]: [31m1 check failed:[0m
[0m02:06:20.356366 [info ] [MainThread]: dbt looked for a profiles.yml file in /root/.dbt/profiles.yml, but did
not find one. For more information on configuring your profile, consult the
documentation:

https://docs.getdbt.com/docs/configure-your-profile


[0m02:06:20.359030 [debug] [MainThread]: Resource report: {"command_name": "debug", "command_success": false, "command_wall_clock_time": 0.38372064, "process_in_blocks": "208", "process_kernel_time": 0.240377, "process_mem_max_rss": "104796", "process_out_blocks": "2088", "process_user_time": 2.003145}
[0m02:06:20.361146 [debug] [MainThread]: Command `dbt debug` failed at 02:06:20.360913 after 0.39 seconds
[0m02:06:20.362707 [debug] [MainThread]: Sending event: {'category': 'dbt', 'action': 'invocation', 'label': 'end', 'context': [<snowplow_tracker.self_describing_json.SelfDescribingJson object at 0x7f0468e64ed0>, <snowplow_tracker.self_describing_json.SelfDescribingJson object at 0x7f046459a190>, <snowplow_tracker.self_describing_json.SelfDescribingJson object at 0x7f046459bf50>]}
[0m02:06:20.364453 [debug] [MainThread]: Flushing usage events
[0m02:06:20.755710 [debug] [MainThread]: An error was encountered while trying to flush usage events
[0m02:08:17.334295 [debug] [MainThread]: Sending event: {'category': 'dbt', 'action': 'invocation', 'label': 'start', 'context': [<snowplow_tracker.self_describing_json.SelfDescribingJson object at 0x7f04f23db9d0>, <snowplow_tracker.self_describing_json.SelfDescribingJson object at 0x7f04f2732910>, <snowplow_tracker.self_describing_json.SelfDescribingJson object at 0x7f04f23dbc50>]}


============================== 02:08:17.345001 | 9096a6cf-fce3-43a8-9a0d-c21ac9f6f459 ==============================
[0m02:08:17.345001 [info ] [MainThread]: Running with dbt=1.10.13
[0m02:08:17.347985 [debug] [MainThread]: running dbt with arguments {'send_anonymous_usage_stats': 'True', 'log_cache_events': 'False', 'partial_parse': 'True', 'no_print': 'None', 'use_colors': 'True', 'target_path': 'None', 'introspect': 'True', 'warn_error_options': 'WarnErrorOptionsV2(error=[], warn=[], silence=[])', 'profiles_dir': 'dbt_project', 'debug': 'False', 'printer_width': '80', 'log_path': 'dbt_project/logs', 'write_json': 'True', 'use_experimental_parser': 'False', 'empty': 'None', 'warn_error': 'None', 'quiet': 'False', 'indirect_selection': 'eager', 'log_format': 'default', 'version_check': 'True', 'static_parser': 'True', 'cache_selected_only': 'False', 'fail_fast': 'False', 'invocation_command': 'dbt debug --project-dir dbt_project --profiles-dir dbt_project'}
[0m02:08:17.363431 [info ] [MainThread]: dbt version: 1.10.13
[0m02:08:17.367668 [info ] [MainThread]: python version: 3.11.14
[0m02:08:17.369501 [info ] [MainThread]: python path: /usr/local/bin/python3.11
[0m02:08:17.371093 [info ] [MainThread]: os info: Linux-5.15.167.4-microsoft-standard-WSL2-x86_64-with-glibc2.41
[0m02:08:17.446650 [info ] [MainThread]: Using profiles dir at dbt_project
[0m02:08:17.449214 [info ] [MainThread]: Using profiles.yml file at dbt_project/profiles.yml
[0m02:08:17.452318 [info ] [MainThread]: Using dbt_project.yml file at dbt_project/dbt_project.yml
[0m02:08:17.455602 [info ] [MainThread]: adapter type: postgres
[0m02:08:17.457389 [info ] [MainThread]: adapter version: 1.9.1
[0m02:08:17.581450 [info ] [MainThread]: Configuration:
[0m02:08:17.593778 [info ] [MainThread]:   profiles.yml file [[32mOK found and valid[0m]
[0m02:08:17.615749 [info ] [MainThread]:   dbt_project.yml file [[32mOK found and valid[0m]
[0m02:08:17.628092 [info ] [MainThread]: Required dependencies:
[0m02:08:17.636092 [debug] [MainThread]: Executing "git --help"
[0m02:08:17.646282 [debug] [MainThread]: STDOUT: "b"usage: git [-v | --version] [-h | --help] [-C <path>] [-c <name>=<value>]\n           [--exec-path[=<path>]] [--html-path] [--man-path] [--info-path]\n           [-p | --paginate | -P | --no-pager] [--no-replace-objects] [--no-lazy-fetch]\n           [--no-optional-locks] [--no-advice] [--bare] [--git-dir=<path>]\n           [--work-tree=<path>] [--namespace=<name>] [--config-env=<name>=<envvar>]\n           <command> [<args>]\n\nThese are common Git commands used in various situations:\n\nstart a working area (see also: git help tutorial)\n   clone     Clone a repository into a new directory\n   init      Create an empty Git repository or reinitialize an existing one\n\nwork on the current change (see also: git help everyday)\n   add       Add file contents to the index\n   mv        Move or rename a file, a directory, or a symlink\n   restore   Restore working tree files\n   rm        Remove files from the working tree and from the index\n\nexamine the history and state (see also: git help revisions)\n   bisect    Use binary search to find the commit that introduced a bug\n   diff      Show changes between commits, commit and working tree, etc\n   grep      Print lines matching a pattern\n   log       Show commit logs\n   show      Show various types of objects\n   status    Show the working tree status\n\ngrow, mark and tweak your common history\n   branch    List, create, or delete branches\n   commit    Record changes to the repository\n   merge     Join two or more development histories together\n   rebase    Reapply commits on top of another base tip\n   reset     Reset current HEAD to the specified state\n   switch    Switch branches\n   tag       Create, list, delete or verify a tag object signed with GPG\n\ncollaborate (see also: git help workflows)\n   fetch     Download objects and refs from another repository\n   pull      Fetch from and integrate with another repository or a local branch\n   push      Update remote refs along with associated objects\n\n'git help -a' and 'git help -g' list available subcommands and some\nconcept guides. See 'git help <command>' or 'git help <concept>'\nto read about a specific subcommand or concept.\nSee 'git help git' for an overview of the system.\n""
[0m02:08:17.667315 [debug] [MainThread]: STDERR: "b''"
[0m02:08:17.681320 [info ] [MainThread]:  - git [[32mOK found[0m]

[0m02:08:17.688323 [info ] [MainThread]: Connection:
[0m02:08:17.693707 [info ] [MainThread]:   host: postgres
[0m02:08:17.698854 [info ] [MainThread]:   port: 5432
[0m02:08:17.707101 [info ] [MainThread]:   user: airflow
[0m02:08:17.709804 [info ] [MainThread]:   database: airflow
[0m02:08:17.713514 [info ] [MainThread]:   schema: public
[0m02:08:17.716719 [info ] [MainThread]:   connect_timeout: 10
[0m02:08:17.719325 [info ] [MainThread]:   role: None
[0m02:08:17.720801 [info ] [MainThread]:   search_path: None
[0m02:08:17.722141 [info ] [MainThread]:   keepalives_idle: 0
[0m02:08:17.725751 [info ] [MainThread]:   sslmode: None
[0m02:08:17.727625 [info ] [MainThread]:   sslcert: None
[0m02:08:17.731135 [info ] [MainThread]:   sslkey: None
[0m02:08:17.734337 [info ] [MainThread]:   sslrootcert: None
[0m02:08:17.736052 [info ] [MainThread]:   application_name: dbt
[0m02:08:17.737383 [info ] [MainThread]:   retries: 1
[0m02:08:17.738964 [info ] [MainThread]: Registered adapter: postgres=1.9.1
[0m02:08:17.806323 [debug] [MainThread]: Acquiring new postgres connection 'debug'
[0m02:08:17.848944 [debug] [MainThread]: Using postgres connection "debug"
[0m02:08:17.857378 [debug] [MainThread]: On debug: select 1 as id
[0m02:08:17.860035 [debug] [MainThread]: Opening a new connection, currently in state init
[0m02:08:17.902066 [debug] [MainThread]: SQL status: SELECT 1 in 0.042 seconds
[0m02:08:17.905240 [debug] [MainThread]: On debug: Close
[0m02:08:17.907526 [info ] [MainThread]:   Connection test: [[32mOK connection ok[0m]

[0m02:08:17.910980 [info ] [MainThread]: [32mAll checks passed![0m
[0m02:08:17.916135 [debug] [MainThread]: Resource report: {"command_name": "debug", "command_success": true, "command_wall_clock_time": 0.7101964, "process_in_blocks": "8192", "process_kernel_time": 0.280128, "process_mem_max_rss": "118272", "process_out_blocks": "2120", "process_user_time": 2.070953}
[0m02:08:17.919676 [debug] [MainThread]: Command `dbt debug` succeeded at 02:08:17.919373 after 0.71 seconds
[0m02:08:17.921106 [debug] [MainThread]: Connection 'debug' was properly closed.
[0m02:08:17.922886 [debug] [MainThread]: Sending event: {'category': 'dbt', 'action': 'invocation', 'label': 'end', 'context': [<snowplow_tracker.self_describing_json.SelfDescribingJson object at 0x7f04f23dbe50>, <snowplow_tracker.self_describing_json.SelfDescribingJson object at 0x7f04f23db950>, <snowplow_tracker.self_describing_json.SelfDescribingJson object at 0x7f04f2468c10>]}
[0m02:08:17.925033 [debug] [MainThread]: Flushing usage events
[0m02:08:18.317516 [debug] [MainThread]: An error was encountered while trying to flush usage events
